/opt/mtradumatica/venv/local/lib/python2.7/site-packages/celery/platforms.py:795: RuntimeWarning: You're running the worker with superuser privileges: this is
absolutely not recommended!

Please specify a different user using the -u option.

User information: uid=0 euid=0 gid=0 egid=0

  uid=uid, euid=euid, gid=gid, egid=egid,
[2017-11-22 14:42:52,124: DEBUG/MainProcess] | Worker: Preparing bootsteps.
[2017-11-22 14:42:52,126: DEBUG/MainProcess] | Worker: Building graph...
[2017-11-22 14:42:52,127: DEBUG/MainProcess] | Worker: New boot order: {Beat, Timer, Hub, Pool, Autoscaler, StateDB, Consumer}
[2017-11-22 14:42:52,143: DEBUG/MainProcess] | Consumer: Preparing bootsteps.
[2017-11-22 14:42:52,143: DEBUG/MainProcess] | Consumer: Building graph...
[2017-11-22 14:42:52,156: DEBUG/MainProcess] | Consumer: New boot order: {Connection, Agent, Events, Mingle, Gossip, Tasks, Control, Heart, event loop}
[2017-11-22 14:42:52,169: DEBUG/MainProcess] | Worker: Starting Hub
[2017-11-22 14:42:52,169: DEBUG/MainProcess] ^-- substep ok
[2017-11-22 14:42:52,169: DEBUG/MainProcess] | Worker: Starting Pool
[2017-11-22 14:42:52,318: DEBUG/MainProcess] ^-- substep ok
[2017-11-22 14:42:52,318: DEBUG/MainProcess] | Worker: Starting Consumer
[2017-11-22 14:42:52,318: DEBUG/MainProcess] | Consumer: Starting Connection
[2017-11-22 14:42:52,333: INFO/MainProcess] Connected to redis://localhost:6379/0
[2017-11-22 14:42:52,333: DEBUG/MainProcess] ^-- substep ok
[2017-11-22 14:42:52,334: DEBUG/MainProcess] | Consumer: Starting Events
[2017-11-22 14:42:52,343: DEBUG/MainProcess] ^-- substep ok
[2017-11-22 14:42:52,343: DEBUG/MainProcess] | Consumer: Starting Mingle
[2017-11-22 14:42:52,343: INFO/MainProcess] mingle: searching for neighbors
[2017-11-22 14:42:53,364: INFO/MainProcess] mingle: all alone
[2017-11-22 14:42:53,365: DEBUG/MainProcess] ^-- substep ok
[2017-11-22 14:42:53,365: DEBUG/MainProcess] | Consumer: Starting Gossip
[2017-11-22 14:42:53,367: DEBUG/MainProcess] ^-- substep ok
[2017-11-22 14:42:53,367: DEBUG/MainProcess] | Consumer: Starting Tasks
[2017-11-22 14:42:53,371: DEBUG/MainProcess] ^-- substep ok
[2017-11-22 14:42:53,371: DEBUG/MainProcess] | Consumer: Starting Control
[2017-11-22 14:42:53,373: DEBUG/MainProcess] ^-- substep ok
[2017-11-22 14:42:53,373: DEBUG/MainProcess] | Consumer: Starting Heart
[2017-11-22 14:42:53,374: DEBUG/MainProcess] ^-- substep ok
[2017-11-22 14:42:53,374: DEBUG/MainProcess] | Consumer: Starting event loop
[2017-11-22 14:42:53,374: DEBUG/MainProcess] | Worker: Hub.register Pool...
[2017-11-22 14:42:53,375: INFO/MainProcess] celery@02905965dec7 ready.
[2017-11-22 14:42:53,375: DEBUG/MainProcess] basic.qos: prefetch_count->16

worker: Hitting Ctrl+C again will terminate all running tasks!

worker: Warm shutdown (MainProcess)
[2017-11-22 14:42:54,138: DEBUG/MainProcess] | Worker: Closing Hub...
[2017-11-22 14:42:54,139: DEBUG/MainProcess] | Worker: Closing Pool...
[2017-11-22 14:42:54,139: DEBUG/MainProcess] | Worker: Closing Consumer...
[2017-11-22 14:42:54,139: DEBUG/MainProcess] | Worker: Stopping Consumer...
[2017-11-22 14:42:54,139: DEBUG/MainProcess] | Consumer: Closing Connection...
[2017-11-22 14:42:54,139: DEBUG/MainProcess] | Consumer: Closing Events...
[2017-11-22 14:42:54,139: DEBUG/MainProcess] | Consumer: Closing Mingle...
[2017-11-22 14:42:54,140: DEBUG/MainProcess] | Consumer: Closing Gossip...
[2017-11-22 14:42:54,140: DEBUG/MainProcess] | Consumer: Closing Tasks...
[2017-11-22 14:42:54,140: DEBUG/MainProcess] | Consumer: Closing Control...
[2017-11-22 14:42:54,140: DEBUG/MainProcess] | Consumer: Closing Heart...
[2017-11-22 14:42:54,140: DEBUG/MainProcess] | Consumer: Closing event loop...
[2017-11-22 14:42:54,140: DEBUG/MainProcess] | Consumer: Stopping event loop...
[2017-11-22 14:42:54,140: DEBUG/MainProcess] | Consumer: Stopping Heart...
[2017-11-22 14:42:54,141: DEBUG/MainProcess] | Consumer: Stopping Control...
[2017-11-22 14:42:54,143: DEBUG/MainProcess] | Consumer: Stopping Tasks...
[2017-11-22 14:42:54,143: DEBUG/MainProcess] Canceling task consumer...
[2017-11-22 14:42:54,143: DEBUG/MainProcess] | Consumer: Stopping Gossip...
[2017-11-22 14:42:54,144: DEBUG/MainProcess] | Consumer: Stopping Mingle...
[2017-11-22 14:42:54,145: DEBUG/MainProcess] | Consumer: Stopping Events...
[2017-11-22 14:42:54,145: DEBUG/MainProcess] | Consumer: Stopping Connection...
[2017-11-22 14:42:54,145: DEBUG/MainProcess] | Worker: Stopping Pool...
[2017-11-22 14:42:55,152: DEBUG/MainProcess] | Worker: Stopping Hub...
[2017-11-22 14:42:55,152: DEBUG/MainProcess] | Consumer: Shutdown Heart...
[2017-11-22 14:42:55,152: DEBUG/MainProcess] | Consumer: Shutdown Control...
[2017-11-22 14:42:55,152: DEBUG/MainProcess] | Consumer: Shutdown Tasks...
[2017-11-22 14:42:55,152: DEBUG/MainProcess] Canceling task consumer...
[2017-11-22 14:42:55,152: DEBUG/MainProcess] Closing consumer channel...
[2017-11-22 14:42:55,153: DEBUG/MainProcess] | Consumer: Shutdown Gossip...
[2017-11-22 14:42:55,153: DEBUG/MainProcess] | Consumer: Shutdown Events...
[2017-11-22 14:42:55,153: DEBUG/MainProcess] | Consumer: Shutdown Connection...
 
 -------------- celery@02905965dec7 v4.1.0 (latentcall)
---- **** ----- 
--- * ***  * -- Linux-4.4.0-77-generic-x86_64-with-Ubuntu-16.04-xenial 2017-11-22 14:42:52
-- * - **** --- 
- ** ---------- [config]
- ** ---------- .> app:         app:0x7f4be56b1c90
- ** ---------- .> transport:   redis://localhost:6379/0
- ** ---------- .> results:     redis://localhost:6379/0
- *** --- * --- .> concurrency: 4 (prefork)
-- ******* ---- .> task events: OFF (enable -E to monitor tasks in this worker)
--- ***** ----- 
 -------------- [queues]
                .> celery           exchange=celery(direct) key=celery
                

[tasks]
  . app.tasks.train_lm
  . app.tasks.train_simple_smt
  . app.tasks.train_smt
  . app.tasks.translate
  . app.tasks.tune_smt
  . celery.accumulate
  . celery.backend_cleanup
  . celery.chain
  . celery.chord
  . celery.chord_unlock
  . celery.chunks
  . celery.group
  . celery.map
  . celery.starmap

[2017-11-22 14:42:55,154: DEBUG/MainProcess] removing tasks from inqueue until task handler finished

worker: Warm shutdown (MainProcess)
